0 info it worked if it ends with ok
1 verbose cli [ 'D:\\mster\\node\\node.exe',
1 verbose cli   'D:\\mster\\node\\node_modules\\npm\\bin\\npm-cli.js',
1 verbose cli   'run',
1 verbose cli   'mock' ]
2 info using npm@3.10.10
3 info using node@v6.10.3
4 verbose run-script [ 'premock', 'mock', 'postmock' ]
5 info lifecycle react-dianping-webpack@1.0.0~premock: react-dianping-webpack@1.0.0
6 silly lifecycle react-dianping-webpack@1.0.0~premock: no script for premock, continuing
7 info lifecycle react-dianping-webpack@1.0.0~mock: react-dianping-webpack@1.0.0
8 verbose lifecycle react-dianping-webpack@1.0.0~mock: unsafe-perm in lifecycle true
9 verbose lifecycle react-dianping-webpack@1.0.0~mock: PATH: D:\mster\node\node_modules\npm\bin\node-gyp-bin;C:\Users\hxsd\Desktop\react-redux-router\node_modules\.bin;C:\Windows\system32;C:\Windows;C:\Windows\System32\Wbem;C:\Windows\System32\WindowsPowerShell\v1.0\;C:\Program Files (x86)\NVIDIA Corporation\PhysX\Common;D:\mster\Java\jdk-7u80-windows-x64\bin;D:\mster\Java\jdk-7u80-windows-x64\jre\bin;D:\mster\MySql5.5\bin;D:\mster\no0de\;C:\Windows\system32;C:\Windows;C:\Windows\System32\Wbem;C:\Windows\System32\WindowsPowerShell\v1.0\;C:\Program Files (x86)\NVIDIA Corporation\PhysX\Common;D:\mster\Java\jdk-7u80-windows-x64\bin;D:\mster\Java\jdk-7u80-windows-x64\jre\bin;D:\mster\MySql5.5\bin;D:\mster\no0de\;C:\Windows\system32;C:\Windows;C:\Windows\System32\Wbem;C:\Windows\System32\WindowsPowerShell\v1.0\;C:\Program Files (x86)\NVIDIA Corporation\PhysX\Common;D:\mster\Java\jdk-7u80-windows-x64\bin;D:\mster\Java\jdk-7u80-windows-x64\jre\bin;D:\mster\MySql5.5\bin;D:\mster\no0de\;C:\Windows\System32;C:\MongoDB\Server\3.2\bin;D:\mster\node\;C:\MongoDB\Server\3.2\bin;D:\mster\node\;C:\MongoDB\Server\3.2\bin;D:\mster\node\;C:\Ruby22\bin;C:\Program Files (x86)\Microsoft VS Code\bin;C:\Users\hxsd\AppData\Roaming\npm;C:\Users\hxsd\AppData\Local\atom\bin
10 verbose lifecycle react-dianping-webpack@1.0.0~mock: CWD: C:\Users\hxsd\Desktop\react-redux-router
11 silly lifecycle react-dianping-webpack@1.0.0~mock: Args: [ '/d /s /c', 'node ./mock/server.js' ]
12 verbose stack Error: kill ENOSYS
12 verbose stack     at exports._errnoException (util.js:1018:11)
12 verbose stack     at process.kill (internal/process.js:190:13)
12 verbose stack     at process.listener (D:\mster\node\node_modules\npm\node_modules\npmlog\node_modules\gauge\node_modules\signal-exit\index.js:86:15)
12 verbose stack     at emitNone (events.js:91:20)
12 verbose stack     at process.emit (events.js:185:7)
12 verbose stack     at processEmit (D:\mster\node\node_modules\npm\node_modules\npmlog\node_modules\gauge\node_modules\signal-exit\index.js:146:32)
12 verbose stack     at processEmit (D:\mster\node\node_modules\npm\node_modules\npm-registry-client\node_modules\npmlog\node_modules\gauge\node_modules\signal-exit\index.js:146:32)
12 verbose stack     at Signal.wrap.onsignal (internal/process.js:217:44)
13 verbose cwd C:\Users\hxsd\Desktop\react-redux-router
14 error Windows_NT 10.0.10240
15 error argv "D:\\mster\\node\\node.exe" "D:\\mster\\node\\node_modules\\npm\\bin\\npm-cli.js" "run" "mock"
16 error node v6.10.3
17 error npm  v3.10.10
18 error code ENOSYS
19 error errno ENOSYS
20 error syscall kill
21 error kill ENOSYS
22 error If you need help, you may report this error at:
22 error     <https://github.com/npm/npm/issues>
23 verbose exit [ 1, true ]
